#
# There is insufficient memory for the Java Runtime Environment to continue.
# Native memory allocation (malloc) failed to allocate 32744 bytes for ChunkPool::allocate
# Possible reasons:
#   The system is out of physical RAM or swap space
#   In 32 bit mode, the process size limit was hit
# Possible solutions:
#   Reduce memory load on the system
#   Increase physical memory or swap space
#   Check if swap backing store is full
#   Use 64 bit Java on a 64 bit OS
#   Decrease Java heap size (-Xmx/-Xms)
#   Decrease number of Java threads
#   Decrease Java thread stack sizes (-Xss)
#   Set larger code cache with -XX:ReservedCodeCacheSize=
# This output file may be truncated or incomplete.
#
#  Out of Memory Error (allocation.cpp:273), pid=33200, tid=0x0000000000006e4c
#
# JRE version: Java(TM) SE Runtime Environment (8.0_131-b11) (build 1.8.0_131-b11)
# Java VM: Java HotSpot(TM) 64-Bit Server VM (25.131-b11 mixed mode windows-amd64 compressed oops)
# Failed to write core dump. Minidumps are not enabled by default on client versions of Windows
#

---------------  T H R E A D  ---------------

Current thread (0x0000000017fc1800):  JavaThread "C2 CompilerThread1" daemon [_thread_in_native, id=28236, stack(0x0000000019710000,0x0000000019810000)]

Stack: [0x0000000019710000,0x0000000019810000]
[error occurred during error reporting (printing stack bounds), id 0xc0000005]

Native frames: (J=compiled Java code, j=interpreted, Vv=VM code, C=native code)


Current CompileTask:
C2:   1139 1338   !   4       com.android.dx.cf.code.BytecodeArray::parseInstruction (2764 bytes)


---------------  P R O C E S S  ---------------

Java Threads: ( => current thread )
  0x0000000019ba7800 JavaThread "pool-2-thread-1" [_thread_blocked, id=12836, stack(0x000000001a010000,0x000000001a110000)]
  0x0000000019ba6800 JavaThread "pool-1-thread-1" [_thread_blocked, id=28428, stack(0x0000000019f10000,0x000000001a010000)]
  0x0000000019940800 JavaThread "Service Thread" daemon [_thread_blocked, id=11852, stack(0x0000000019d10000,0x0000000019e10000)]
  0x0000000017fc6800 JavaThread "C1 CompilerThread2" daemon [_thread_in_vm, id=33636, stack(0x0000000019810000,0x0000000019910000)]
=>0x0000000017fc1800 JavaThread "C2 CompilerThread1" daemon [_thread_in_native, id=28236, stack(0x0000000019710000,0x0000000019810000)]
  0x0000000017fbd800 JavaThread "C2 CompilerThread0" daemon [_thread_in_native, id=30236, stack(0x0000000019610000,0x0000000019710000)]
  0x0000000017fbc000 JavaThread "Attach Listener" daemon [_thread_blocked, id=30248, stack(0x0000000019510000,0x0000000019610000)]
  0x0000000017fbb000 JavaThread "Signal Dispatcher" daemon [_thread_blocked, id=33584, stack(0x0000000019410000,0x0000000019510000)]
  0x000000000346b000 JavaThread "Finalizer" daemon [_thread_blocked, id=32820, stack(0x0000000019220000,0x0000000019320000)]
  0x0000000003462000 JavaThread "Reference Handler" daemon [_thread_blocked, id=31116, stack(0x0000000019120000,0x0000000019220000)]
  0x0000000003372800 JavaThread "main" [_thread_in_Java, id=33368, stack(0x0000000003270000,0x0000000003370000)]

Other Threads:
  0x0000000017f87000 VMThread [stack: 0x0000000019020000,0x0000000019120000] [id=31348]
  0x000000001995b000 WatcherThread [stack: 0x0000000019e10000,0x0000000019f10000] [id=5744]

VM state:not at safepoint (normal execution)

VM Mutex/Monitor currently owned by a thread: None

Heap:
 PSYoungGen      total 38400K, used 15264K [0x00000000d5d80000, 0x00000000da880000, 0x0000000100000000)
  eden space 33280K, 30% used [0x00000000d5d80000,0x00000000d6769388,0x00000000d7e00000)
  from space 5120K, 99% used [0x00000000d8300000,0x00000000d87fed70,0x00000000d8800000)
  to   space 5120K, 0% used [0x00000000d7e00000,0x00000000d7e00000,0x00000000d8300000)
 ParOldGen       total 87552K, used 5671K [0x0000000081800000, 0x0000000086d80000, 0x00000000d5d80000)
  object space 87552K, 6% used [0x0000000081800000,0x0000000081d89d10,0x0000000086d80000)
 Metaspace       used 6292K, capacity 7128K, committed 7424K, reserved 1056768K
  class space    used 622K, capacity 656K, committed 768K, reserved 1048576K

Card table byte_map: [0x0000000012830000,0x0000000012c30000] byte_map_base: 0x0000000012424000

Marking Bits: (ParMarkBitMap*) 0x0000000068c2c720
 Begin Bits: [0x00000000132e0000, 0x0000000015280000)
 End Bits:   [0x0000000015280000, 0x0000000017220000)

Polling page: 0x00000000030f0000

CodeCache: size=245760Kb used=5907Kb max_used=5907Kb free=239852Kb
 bounds [0x0000000003470000, 0x0000000003a40000, 0x0000000012470000]
 total_blobs=1770 nmethods=1501 adapters=182
 compilation: enabled

Compilation events (10 events):
Event: 1.087 Thread 0x0000000017fc6800 nmethod 1513 0x0000000003a38590 code [0x0000000003a38700, 0x0000000003a38868]
Event: 1.105 Thread 0x0000000017fc6800 1516       2       com.android.dx.rop.code.InsnList::contentEquals (54 bytes)
Event: 1.105 Thread 0x0000000017fc6800 nmethod 1516 0x0000000003a38910 code [0x0000000003a38aa0, 0x0000000003a38dc8]
Event: 1.108 Thread 0x0000000017fc6800 1517       2       com.android.dx.rop.code.Rops::pickBinaryOp (158 bytes)
Event: 1.109 Thread 0x0000000017fc6800 nmethod 1517 0x0000000003a39010 code [0x0000000003a39200, 0x0000000003a39818]
Event: 1.110 Thread 0x0000000017fc6800 1518       2       java.util.ArrayList$SubList::get (23 bytes)
Event: 1.110 Thread 0x0000000017fc6800 nmethod 1518 0x0000000003a39d10 code [0x0000000003a39ea0, 0x0000000003a3a188]
Event: 1.110 Thread 0x0000000017fc6800 1519       2       java.util.ArrayList$SubList::rangeCheck (26 bytes)
Event: 1.111 Thread 0x0000000017fc6800 nmethod 1519 0x0000000003a3a450 code [0x0000000003a3a600, 0x0000000003a3aa98]
Event: 1.113 Thread 0x0000000017fc6800 1520       2       com.android.dx.ssa.back.FirstFitLocalCombiningAllocator::getLocalItemForReg (97 bytes)

GC Heap History (4 events):
Event: 0.913 GC heap before
{Heap before GC invocations=1 (full 0):
 PSYoungGen      total 38400K, used 33280K [0x00000000d5d80000, 0x00000000d8800000, 0x0000000100000000)
  eden space 33280K, 100% used [0x00000000d5d80000,0x00000000d7e00000,0x00000000d7e00000)
  from space 5120K, 0% used [0x00000000d8300000,0x00000000d8300000,0x00000000d8800000)
  to   space 5120K, 0% used [0x00000000d7e00000,0x00000000d7e00000,0x00000000d8300000)
 ParOldGen       total 87552K, used 0K [0x0000000081800000, 0x0000000086d80000, 0x00000000d5d80000)
  object space 87552K, 0% used [0x0000000081800000,0x0000000081800000,0x0000000086d80000)
 Metaspace       used 6140K, capacity 7000K, committed 7168K, reserved 1056768K
  class space    used 621K, capacity 656K, committed 768K, reserved 1048576K
Event: 0.920 GC heap after
Heap after GC invocations=1 (full 0):
 PSYoungGen      total 38400K, used 5093K [0x00000000d5d80000, 0x00000000d8800000, 0x0000000100000000)
  eden space 33280K, 0% used [0x00000000d5d80000,0x00000000d5d80000,0x00000000d7e00000)
  from space 5120K, 99% used [0x00000000d7e00000,0x00000000d82f9728,0x00000000d8300000)
  to   space 5120K, 0% used [0x00000000d8300000,0x00000000d8300000,0x00000000d8800000)
 ParOldGen       total 87552K, used 1148K [0x0000000081800000, 0x0000000086d80000, 0x00000000d5d80000)
  object space 87552K, 1% used [0x0000000081800000,0x000000008191f270,0x0000000086d80000)
 Metaspace       used 6140K, capacity 7000K, committed 7168K, reserved 1056768K
  class space    used 621K, capacity 656K, committed 768K, reserved 1048576K
}
Event: 1.093 GC heap before
{Heap before GC invocations=2 (full 0):
 PSYoungGen      total 38400K, used 38373K [0x00000000d5d80000, 0x00000000d8800000, 0x0000000100000000)
  eden space 33280K, 100% used [0x00000000d5d80000,0x00000000d7e00000,0x00000000d7e00000)
  from space 5120K, 99% used [0x00000000d7e00000,0x00000000d82f9728,0x00000000d8300000)
  to   space 5120K, 0% used [0x00000000d8300000,0x00000000d8300000,0x00000000d8800000)
 ParOldGen       total 87552K, used 1148K [0x0000000081800000, 0x0000000086d80000, 0x00000000d5d80000)
  object space 87552K, 1% used [0x0000000081800000,0x000000008191f270,0x0000000086d80000)
 Metaspace       used 6291K, capacity 7128K, committed 7424K, reserved 1056768K
  class space    used 622K, capacity 656K, committed 768K, reserved 1048576K
Event: 1.104 GC heap after
Heap after GC invocations=2 (full 0):
 PSYoungGen      total 38400K, used 5115K [0x00000000d5d80000, 0x00000000da880000, 0x0000000100000000)
  eden space 33280K, 0% used [0x00000000d5d80000,0x00000000d5d80000,0x00000000d7e00000)
  from space 5120K, 99% used [0x00000000d8300000,0x00000000d87fed70,0x00000000d8800000)
  to   space 5120K, 0% used [0x00000000d7e00000,0x00000000d7e00000,0x00000000d8300000)
 ParOldGen       total 87552K, used 5671K [0x0000000081800000, 0x0000000086d80000, 0x00000000d5d80000)
  object space 87552K, 6% used [0x0000000081800000,0x0000000081d89d10,0x0000000086d80000)
 Metaspace       used 6291K, capacity 7128K, committed 7424K, reserved 1056768K
  class space    used 622K, capacity 656K, committed 768K, reserved 1048576K
}

Deoptimization events (10 events):
Event: 1.023 Thread 0x0000000003372800 Uncommon trap: reason=unstable_if action=reinterpret pc=0x00000000037d5c9c method=com.android.dx.rop.cst.Constant.compareTo(Lcom/android/dx/rop/cst/Constant;)I @ 12
Event: 1.032 Thread 0x0000000003372800 Uncommon trap: reason=bimorphic action=maybe_recompile pc=0x0000000003708774 method=java.util.HashMap.getNode(ILjava/lang/Object;)Ljava/util/HashMap$Node; @ 126
Event: 1.032 Thread 0x0000000003372800 Uncommon trap: reason=class_check action=maybe_recompile pc=0x000000000399f884 method=java.util.HashMap.putVal(ILjava/lang/Object;Ljava/lang/Object;ZZ)Ljava/lang/Object; @ 203
Event: 1.034 Thread 0x0000000019ba6800 Uncommon trap: reason=bimorphic action=maybe_recompile pc=0x000000000399f8c4 method=java.util.HashMap.putVal(ILjava/lang/Object;Ljava/lang/Object;ZZ)Ljava/lang/Object; @ 91
Event: 1.036 Thread 0x0000000019ba6800 Uncommon trap: reason=unstable_if action=reinterpret pc=0x00000000038c0004 method=com.android.dx.cf.code.Ropper.labelToResultIndex(I)I @ 34
Event: 1.037 Thread 0x0000000003372800 Uncommon trap: reason=unstable_if action=reinterpret pc=0x00000000037ccdd0 method=com.android.dx.rop.code.RegisterSpec.equals(ILcom/android/dx/rop/type/TypeBearer;Lcom/android/dx/rop/code/LocalItem;)Z @ 42
Event: 1.045 Thread 0x0000000019ba6800 Uncommon trap: reason=class_check action=maybe_recompile pc=0x00000000039c35e8 method=java.util.HashMap.putVal(ILjava/lang/Object;Ljava/lang/Object;ZZ)Ljava/lang/Object; @ 203
Event: 1.046 Thread 0x0000000019ba6800 Uncommon trap: reason=bimorphic action=maybe_recompile pc=0x0000000003708774 method=java.util.HashMap.getNode(ILjava/lang/Object;)Ljava/util/HashMap$Node; @ 126
Event: 1.046 Thread 0x0000000019ba6800 Uncommon trap: reason=bimorphic action=maybe_recompile pc=0x0000000003708774 method=java.util.HashMap.getNode(ILjava/lang/Object;)Ljava/util/HashMap$Node; @ 126
Event: 1.055 Thread 0x0000000019ba6800 Uncommon trap: reason=bimorphic action=maybe_recompile pc=0x0000000003708774 method=java.util.HashMap.getNode(ILjava/lang/Object;)Ljava/util/HashMap$Node; @ 126

Internal exceptions (4 events):
Event: 0.055 Thread 0x0000000003372800 Exception <a 'java/lang/NoSuchMethodError': Method sun.misc.Unsafe.defineClass(Ljava/lang/String;[BII)Ljava/lang/Class; name or signature does not match> (0x00000000d5d87ca8) thrown at [C:\re\workspace\8-2-build-windows-amd64-cygwin\jdk8u131\8869\hotspot\
Event: 0.055 Thread 0x0000000003372800 Exception <a 'java/lang/NoSuchMethodError': Method sun.misc.Unsafe.prefetchRead(Ljava/lang/Object;J)V name or signature does not match> (0x00000000d5d87f90) thrown at [C:\re\workspace\8-2-build-windows-amd64-cygwin\jdk8u131\8869\hotspot\src\share\vm\prims
Event: 0.948 Thread 0x0000000019ba6800 Implicit null exception at 0x00000000037b2c62 to 0x00000000037b2d52
Event: 0.991 Thread 0x0000000003372800 Implicit null exception at 0x000000000390a1d0 to 0x000000000390b1a9

Events (10 events):
Event: 1.046 Thread 0x0000000019ba6800 DEOPT PACKING pc=0x0000000003708774 sp=0x000000001a00eb30
Event: 1.046 Thread 0x0000000019ba6800 DEOPT UNPACKING pc=0x00000000034b582a sp=0x000000001a00eab0 mode 2
Event: 1.046 Thread 0x0000000019ba6800 Uncommon trap: trap_request=0xffffffc6 fr.pc=0x0000000003708774
Event: 1.046 Thread 0x0000000019ba6800 DEOPT PACKING pc=0x0000000003708774 sp=0x000000001a00eb30
Event: 1.046 Thread 0x0000000019ba6800 DEOPT UNPACKING pc=0x00000000034b582a sp=0x000000001a00eab0 mode 2
Event: 1.055 Thread 0x0000000019ba6800 Uncommon trap: trap_request=0xffffffc6 fr.pc=0x0000000003708774
Event: 1.055 Thread 0x0000000019ba6800 DEOPT PACKING pc=0x0000000003708774 sp=0x000000001a00eb40
Event: 1.055 Thread 0x0000000019ba6800 DEOPT UNPACKING pc=0x00000000034b582a sp=0x000000001a00eac0 mode 2
Event: 1.093 Executing VM operation: ParallelGCFailedAllocation
Event: 1.104 Executing VM operation: ParallelGCFailedAllocation done


Dynamic libraries:
0x00007ff7a0000000 - 0x00007ff7a0037000 	C:\Program Files\Java\jdk1.8.0_131\bin\java.exe
0x00007ff90b6d0000 - 0x00007ff90b8a1000 	C:\WINDOWS\SYSTEM32\ntdll.dll
0x00007ff90ad30000 - 0x00007ff90addc000 	C:\WINDOWS\System32\KERNEL32.DLL
0x00007ff907f00000 - 0x00007ff90811d000 	C:\WINDOWS\System32\KERNELBASE.dll
0x00007ff90b260000 - 0x00007ff90b302000 	C:\WINDOWS\System32\ADVAPI32.dll
0x00007ff90ade0000 - 0x00007ff90ae7e000 	C:\WINDOWS\System32\msvcrt.dll
0x00007ff90a2e0000 - 0x00007ff90a339000 	C:\WINDOWS\System32\sechost.dll
0x00007ff90aba0000 - 0x00007ff90acc1000 	C:\WINDOWS\System32\RPCRT4.dll
0x00007ff908c60000 - 0x00007ff908dc5000 	C:\WINDOWS\System32\USER32.dll
0x00007ff908360000 - 0x00007ff90837e000 	C:\WINDOWS\System32\win32u.dll
0x00007ff90b310000 - 0x00007ff90b344000 	C:\WINDOWS\System32\GDI32.dll
0x00007ff907c80000 - 0x00007ff907e00000 	C:\WINDOWS\System32\gdi32full.dll
0x00007ff8f8e90000 - 0x00007ff8f910a000 	C:\WINDOWS\WinSxS\amd64_microsoft.windows.common-controls_6595b64144ccf1df_6.0.14393.953_none_42151e83c686086b\COMCTL32.dll
0x00007ff90a340000 - 0x00007ff90a608000 	C:\WINDOWS\System32\combase.dll
0x00007ff9083e0000 - 0x00007ff9084d5000 	C:\WINDOWS\System32\ucrtbase.dll
0x00007ff9082f0000 - 0x00007ff90835a000 	C:\WINDOWS\System32\bcryptPrimitives.dll
0x00007ff90b160000 - 0x00007ff90b18e000 	C:\WINDOWS\System32\IMM32.DLL
0x00000000694f0000 - 0x00000000695c2000 	C:\Program Files\Java\jdk1.8.0_131\jre\bin\msvcr100.dll
0x0000000068410000 - 0x0000000068cac000 	C:\Program Files\Java\jdk1.8.0_131\jre\bin\server\jvm.dll
0x00007ff90b350000 - 0x00007ff90b358000 	C:\WINDOWS\System32\PSAPI.DLL
0x00007ff8fd5c0000 - 0x00007ff8fd5c9000 	C:\WINDOWS\SYSTEM32\WSOCK32.dll
0x00007ff905fc0000 - 0x00007ff905fe3000 	C:\WINDOWS\SYSTEM32\WINMM.dll
0x00007ff9039f0000 - 0x00007ff9039fa000 	C:\WINDOWS\SYSTEM32\VERSION.dll
0x00007ff90b1f0000 - 0x00007ff90b25a000 	C:\WINDOWS\System32\WS2_32.dll
0x00000000030c0000 - 0x00000000030eb000 	C:\WINDOWS\SYSTEM32\WINMMBASE.dll
0x00007ff907e00000 - 0x00007ff907e42000 	C:\WINDOWS\System32\cfgmgr32.dll
0x00000000694e0000 - 0x00000000694ef000 	C:\Program Files\Java\jdk1.8.0_131\jre\bin\verify.dll
0x00000000694b0000 - 0x00000000694d9000 	C:\Program Files\Java\jdk1.8.0_131\jre\bin\java.dll
0x0000000069490000 - 0x00000000694a6000 	C:\Program Files\Java\jdk1.8.0_131\jre\bin\zip.dll
0x00007ff908dd0000 - 0x00007ff90a2d8000 	C:\WINDOWS\System32\SHELL32.dll
0x00007ff9084e0000 - 0x00007ff908bba000 	C:\WINDOWS\System32\windows.storage.dll
0x00007ff907b40000 - 0x00007ff907b8c000 	C:\WINDOWS\System32\powrprof.dll
0x00007ff90acd0000 - 0x00007ff90ad22000 	C:\WINDOWS\System32\shlwapi.dll
0x00007ff907b90000 - 0x00007ff907b9f000 	C:\WINDOWS\System32\kernel.appcore.dll
0x00007ff907e50000 - 0x00007ff907ef9000 	C:\WINDOWS\System32\shcore.dll
0x00007ff907bb0000 - 0x00007ff907bc4000 	C:\WINDOWS\System32\profapi.dll

VM Arguments:
java_command: C:\Program Files (x86)\Android\android-sdk\build-tools\23.0.3\\lib\dx.jar --no-strict --dex --output=obj\Debug\android\bin obj\Debug\android\bin\classes G:\Microsoft Visual Studio\2017\Professional\Common7\IDE\ReferenceAssemblies\Microsoft\Framework\MonoAndroid\v7.0\mono.android.jar obj\Debug\__library_projects__\FormsViewGroup\library_project_imports\formsviewgroup.jar C:\Users\AnthonyBernard\AppData\Local\Xamarin\Xamarin.Android.Support.Animated.Vector.Drawable\23.3.0.0\embedded\classes.jar C:\Users\AnthonyBernard\AppData\Local\Xamarin\Xamarin.Android.Support.Design\23.3.0.0\embedded\classes.jar C:\Users\AnthonyBernard\AppData\Local\Xamarin\Xamarin.Android.Support.v4\23.3.0.0\embedded\classes.jar C:\Users\AnthonyBernard\AppData\Local\Xamarin\Xamarin.Android.Support.v4\23.3.0.0\embedded\libs\internal_impl-23.3.0.jar C:\Users\AnthonyBernard\AppData\Local\Xamarin\Xamarin.Android.Support.v7.AppCompat\23.3.0.0\embedded\classes.jar C:\Users\AnthonyBernard\AppData\Local\Xamarin\Xamarin.Android.Support.v7.CardView\23.3.0.0\embedded\classes.jar C:\Users\AnthonyBernard\AppData\Local\Xamarin\Xamarin.Android.Support.v7.MediaRouter\23.3.0.0\embedded\classes.jar C:\Users\AnthonyBernard\AppData\Local\Xamarin\Xamarin.Android.Support.v7.MediaRouter\23.3.0.0\embedded\libs\internal_impl-23.3.0.jar C:\Users\AnthonyBernard\AppData\Local\Xamarin\Xamarin.Android.Support.v7.RecyclerView\23.3.0.0\embedded\classes.jar C:\Users\AnthonyBernard\AppData\Local\Xamarin\Xamarin.Android.Support.Vector.Drawable\23.3.0.0\embedded\classes.jar
java_class_path (initial): C:\Program Files (x86)\Android\android-sdk\build-tools\23.0.3\\lib\dx.jar
Launcher Type: SUN_STANDARD

Environment Variables:
PATH=C:\Program Files\Java\jdk1.8.0_131\bin;C:\ProgramData\Oracle\Java\javapath;C:\Program Files (x86)\NVIDIA Corporation\PhysX\Common;C:\WINDOWS\system32;C:\WINDOWS;C:\WINDOWS\System32\Wbem;C:\WINDOWS\System32\WindowsPowerShell\v1.0\;C:\Program Files\Microsoft SQL Server\110\Tools\Binn\;C:\Program Files (x86)\QuickTime\QTSystem\;C:\Program Files\Microsoft SQL Server\130\Tools\Binn\;C:\Program Files\dotnet\;C:\Users\AnthonyBernard\AppData\Local\Microsoft\WindowsApps;;C:\Users\AnthonyBernard\Documents\GitHub\amaoc-app\Chevron.ITC.AMAOC\packages\Newtonsoft.Json.9.0.1\tools
USERNAME=AnthonyBernard
OS=Windows_NT
PROCESSOR_IDENTIFIER=Intel64 Family 6 Model 42 Stepping 7, GenuineIntel



---------------  S Y S T E M  ---------------

OS: Windows 10.0 , 64 bit Build 14393 (10.0.14393.1198)

CPU:total 4 (initial active 4) (4 cores per cpu, 1 threads per core) family 6 model 42 stepping 7, cmov, cx8, fxsr, mmx, sse, sse2, sse3, ssse3, sse4.1, sse4.2, popcnt, avx, aes, clmul, tsc, tscinvbit

Memory: 4k page, physical 8283276k(1584344k free), swap 12006424k(4092k free)

vm_info: Java HotSpot(TM) 64-Bit Server VM (25.131-b11) for windows-amd64 JRE (1.8.0_131-b11), built on Mar 15 2017 01:23:53 by "java_re" with MS VC++ 10.0 (VS2010)

time: Tue Jul 04 22:22:19 2017
elapsed time: 1 seconds (0d 0h 0m 1s)

